<?xml version="1.0" encoding="UTF-8"?>
<!-- Generated by org.testng.reporters.JUnitReportReporter -->
<testsuite skipped="0" hostname="DESKTOP-40HIA6A" name="com.code.java.selenium.SeleniumTest" tests="1" failures="0" timestamp="02 de gen. 2020 16:51:43 GMT" time="6.369" errors="0">
  <testcase name="seleniumTest" time="6.369" classname="com.code.java.selenium.SeleniumTest"/>
</testsuite> <!-- com.code.java.selenium.SeleniumTest -->
