<?xml version="1.0" encoding="UTF-8"?>
<!-- Generated by org.testng.reporters.JUnitReportReporter -->
<testsuite skipped="0" hostname="DESKTOP-40HIA6A" name="com.code.java.selenium.TestNGTestMaven" tests="2" failures="0" timestamp="02 de gen. 2020 16:51:43 GMT" time="0.000" errors="0">
  <testcase name="testCaseOne" time="0.000" classname="com.code.java.selenium.TestNGTestMaven"/>
  <testcase name="testCaseOne" time="0.000" classname="com.code.java.selenium.TestNGTestMaven"/>
</testsuite> <!-- com.code.java.selenium.TestNGTestMaven -->
