<?xml version="1.0" encoding="UTF-8"?>
<!-- Generated by org.testng.reporters.JUnitReportReporter -->
<testsuite hostname="DESKTOP-40HIA6A" name="testcase.testcase.TestFirefoxDriver" tests="1" failures="0" timestamp="4 Jan 2020 10:06:07 GMT" time="0.013" errors="0">
  <testcase name="runFirefox" time="0.013" classname="testcase.testcase.TestFirefoxDriver"/>
</testsuite> <!-- testcase.testcase.TestFirefoxDriver -->
