<?xml version="1.0" encoding="UTF-8"?>
<!-- Generated by org.testng.reporters.JUnitReportReporter -->
<testsuite hostname="DESKTOP-40HIA6A" name="keywordTest.TestKeywordDriver" tests="2" failures="0" timestamp="2 Jan 2020 11:32:05 GMT" time="620.279" errors="0">
  <testcase name="testCoadingtBat" time="6.167" classname="keywordTest.TestKeywordDriver"/>
  <testcase name="testBugzilla" time="614.112" classname="keywordTest.TestKeywordDriver"/>
</testsuite> <!-- keywordTest.TestKeywordDriver -->
