<?xml version="1.0" encoding="UTF-8"?>
<!-- Generated by org.testng.reporters.JUnitReportReporter -->
<testsuite hostname="DESKTOP-40HIA6A" name="com.tutorial.TestChromeBrowser" tests="2" failures="0" timestamp="5 Jan 2020 21:06:19 GMT" time="17.705" errors="1">
  <testcase name="testChromeBrowser" time="8.274" classname="com.tutorial.TestChromeBrowser"/>
  <testcase name="testFirefoxDriver" time="9.431" classname="com.tutorial.TestChromeBrowser">
    <error type="java.lang.NoSuchMethodError" message="org.apache.commons.io.IOUtils.toString(Ljava/io/InputStream;Ljava/nio/charset/Charset;)Ljava/lang/String;">
      <![CDATA[java.lang.NoSuchMethodError: org.apache.commons.io.IOUtils.toString(Ljava/io/InputStream;Ljava/nio/charset/Charset;)Ljava/lang/String;
	at io.github.bonigarcia.wdm.Shell.runAndWaitNoLog(Shell.java:66)
	at io.github.bonigarcia.wdm.Shell.runAndWaitArray(Shell.java:56)
	at io.github.bonigarcia.wdm.Shell.runAndWait(Shell.java:50)
	at io.github.bonigarcia.wdm.WebDriverManager.getBrowserVersionInWindows(WebDriverManager.java:1210)
	at io.github.bonigarcia.wdm.WebDriverManager.getDefaultBrowserVersion(WebDriverManager.java:1175)
	at io.github.bonigarcia.wdm.FirefoxDriverManager.getBrowserVersion(FirefoxDriverManager.java:112)
	at io.github.bonigarcia.wdm.WebDriverManager.detectDriverVersionFromBrowser(WebDriverManager.java:581)
	at io.github.bonigarcia.wdm.WebDriverManager.manage(WebDriverManager.java:509)
	at io.github.bonigarcia.wdm.WebDriverManager.setup(WebDriverManager.java:260)
	at com.tutorial.TestChromeBrowser.testFirefoxDriver(TestChromeBrowser.java:25)
	at sun.reflect.NativeMethodAccessorImpl.invoke0(Native Method)
	at sun.reflect.NativeMethodAccessorImpl.invoke(NativeMethodAccessorImpl.java:62)
	at sun.reflect.DelegatingMethodAccessorImpl.invoke(DelegatingMethodAccessorImpl.java:43)
	at java.lang.reflect.Method.invoke(Method.java:498)
	at org.testng.internal.MethodInvocationHelper.invokeMethod(MethodInvocationHelper.java:85)
	at org.testng.internal.Invoker.invokeMethod(Invoker.java:639)
	at org.testng.internal.Invoker.invokeTestMethod(Invoker.java:816)
	at org.testng.internal.Invoker.invokeTestMethods(Invoker.java:1124)
	at org.testng.internal.TestMethodWorker.invokeTestMethods(TestMethodWorker.java:125)
	at org.testng.internal.TestMethodWorker.run(TestMethodWorker.java:108)
	at org.testng.TestRunner.privateRun(TestRunner.java:774)
	at org.testng.TestRunner.run(TestRunner.java:624)
	at org.testng.SuiteRunner.runTest(SuiteRunner.java:359)
	at org.testng.SuiteRunner.runSequentially(SuiteRunner.java:354)
	at org.testng.SuiteRunner.privateRun(SuiteRunner.java:312)
	at org.testng.SuiteRunner.run(SuiteRunner.java:261)
	at org.testng.SuiteRunnerWorker.runSuite(SuiteRunnerWorker.java:52)
	at org.testng.SuiteRunnerWorker.run(SuiteRunnerWorker.java:86)
	at org.testng.TestNG.runSuitesSequentially(TestNG.java:1191)
	at org.testng.TestNG.runSuitesLocally(TestNG.java:1116)
	at org.testng.TestNG.run(TestNG.java:1024)
	at org.testng.remote.AbstractRemoteTestNG.run(AbstractRemoteTestNG.java:114)
	at org.testng.remote.RemoteTestNG.initAndRun(RemoteTestNG.java:251)
	at org.testng.remote.RemoteTestNG.main(RemoteTestNG.java:77)
]]>
    </error>
  </testcase> <!-- testFirefoxDriver -->
</testsuite> <!-- com.tutorial.TestChromeBrowser -->
