<?xml version="1.0" encoding="UTF-8"?>
<!-- Generated by org.testng.reporters.JUnitReportReporter -->
<testsuite hostname="DESKTOP-40HIA6A" name="testcase.testcase.TestWebTable" tests="1" failures="0" timestamp="4 Jan 2020 10:05:41 GMT" time="9.099" errors="0">
  <testcase name="testGrid" time="9.099" classname="testcase.testcase.TestWebTable"/>
</testsuite> <!-- testcase.testcase.TestWebTable -->
