<?xml version="1.0" encoding="UTF-8"?>
<!-- Generated by org.testng.reporters.JUnitReportReporter -->
<testsuite hostname="DESKTOP-40HIA6A" name="testcase.TestPageObjectModel" tests="1" failures="0" timestamp="31 Dec 2019 08:26:29 GMT" time="46.726" errors="0">
  <testcase name="testCase" time="46.726" classname="testcase.TestPageObjectModel"/>
</testsuite> <!-- testcase.TestPageObjectModel -->
