<?xml version="1.0" encoding="UTF-8"?>
<!-- Generated by org.testng.reporters.JUnitReportReporter -->
<testsuite hostname="DESKTOP-40HIA6A" name="testcase.TestSeleniumLogger" tests="1" failures="0" timestamp="1 Jan 2020 17:43:28 GMT" time="18.949" errors="0">
  <testcase name="openWePage" time="18.949" classname="testcase.TestSeleniumLogger"/>
</testsuite> <!-- testcase.TestSeleniumLogger -->
